  [4;36;1mSQL (0.0ms)[0m   [0;1mSET NAMES 'utf8'[0m
  [4;35;1mSQL (0.0ms)[0m   [0mSET SQL_AUTO_IS_NULL=0[0m
  [4;36;1mSQL (16.0ms)[0m   [0;1mSHOW TABLES[0m
  [4;35;1mSQL (125.0ms)[0m   [0mCREATE TABLE `schema_migrations` (`version` varchar(255) NOT NULL) ENGINE=InnoDB[0m
  [4;36;1mSQL (296.0ms)[0m   [0;1mCREATE UNIQUE INDEX `unique_schema_migrations` ON `schema_migrations` (`version`)[0m
  [4;35;1mSQL (0.0ms)[0m   [0mSHOW TABLES[0m
  [4;36;1mSQL (0.0ms)[0m   [0;1mSELECT version FROM schema_migrations[0m
Migrating to CreateArticles (20100825061535)
  [4;35;1mSQL (47.0ms)[0m   [0mCREATE TABLE `articles` (`id` int(11) DEFAULT NULL auto_increment PRIMARY KEY, `title` varchar(255), `summary` text, `content` text, `created_at` datetime, `updated_at` datetime) ENGINE=InnoDB[0m
  [4;36;1mSQL (32.0ms)[0m   [0;1mINSERT INTO schema_migrations (version) VALUES ('20100825061535')[0m
  [4;35;1mSQL (0.0ms)[0m   [0mSHOW TABLES[0m
  [4;36;1mSQL (0.0ms)[0m   [0;1mSELECT version FROM schema_migrations[0m
  [4;35;1mSQL (0.0ms)[0m   [0mSHOW TABLES[0m
  [4;36;1mSQL (47.0ms)[0m   [0;1mSHOW FIELDS FROM `articles`[0m
  [4;35;1mSQL (78.0ms)[0m   [0mdescribe `articles`[0m
  [4;36;1mSQL (0.0ms)[0m   [0;1mSHOW KEYS FROM `articles`[0m
  [4;36;1mSQL (0.0ms)[0m   [0;1mSET NAMES 'utf8'[0m
  [4;35;1mSQL (0.0ms)[0m   [0mSET SQL_AUTO_IS_NULL=0[0m


Processing ArticlesController#index (for 127.0.0.1 at 2010-08-25 11:54:25) [GET]
  [4;36;1mArticle Load (0.0ms)[0m   [0;1mSELECT * FROM `articles` [0m
Rendering template within layouts/articles
Rendering articles/index
Completed in 1375ms (View: 1375, DB: 0) | 200 OK [http://localhost/articles]
  [4;35;1mSQL (0.0ms)[0m   [0mSET NAMES 'utf8'[0m
  [4;36;1mSQL (0.0ms)[0m   [0;1mSET SQL_AUTO_IS_NULL=0[0m


Processing ArticlesController#new (for 127.0.0.1 at 2010-08-25 11:54:55) [GET]
  [4;35;1mArticle Columns (0.0ms)[0m   [0mSHOW FIELDS FROM `articles`[0m
Rendering template within layouts/articles
Rendering articles/new
Completed in 15ms (View: 0, DB: 0) | 200 OK [http://localhost/articles/new]
  [4;36;1mSQL (0.0ms)[0m   [0;1mSET NAMES 'utf8'[0m
  [4;35;1mSQL (0.0ms)[0m   [0mSET SQL_AUTO_IS_NULL=0[0m


Processing ArticlesController#create (for 127.0.0.1 at 2010-08-25 11:55:04) [POST]
  Parameters: {"article"=>{"title"=>"test", "summary"=>"tes", "content"=>"tst"}, "commit"=>"Create", "authenticity_token"=>"nzDgTGB/3RpjETg2sxeF2Z+ybAEgfKREwu1BlitD0C8="}
  [4;36;1mArticle Columns (0.0ms)[0m   [0;1mSHOW FIELDS FROM `articles`[0m
  [4;35;1mSQL (0.0ms)[0m   [0mBEGIN[0m
  [4;36;1mArticle Create (0.0ms)[0m   [0;1mINSERT INTO `articles` (`updated_at`, `title`, `summary`, `content`, `created_at`) VALUES('2010-08-25 06:25:04', 'test', 'tes', 'tst', '2010-08-25 06:25:04')[0m
  [4;35;1mSQL (16.0ms)[0m   [0mCOMMIT[0m
Redirected to http://localhost:3000/articles/1
Completed in 47ms (DB: 16) | 302 Found [http://localhost/articles]
  [4;36;1mSQL (0.0ms)[0m   [0;1mSET NAMES 'utf8'[0m
  [4;35;1mSQL (0.0ms)[0m   [0mSET SQL_AUTO_IS_NULL=0[0m


Processing ArticlesController#show (for 127.0.0.1 at 2010-08-25 11:55:04) [GET]
  Parameters: {"id"=>"1"}
  [4;36;1mArticle Columns (0.0ms)[0m   [0;1mSHOW FIELDS FROM `articles`[0m
  [4;35;1mArticle Load (0.0ms)[0m   [0mSELECT * FROM `articles` WHERE (`articles`.`id` = 1) [0m
Rendering template within layouts/articles
Rendering articles/show
Completed in 15ms (View: 0, DB: 0) | 200 OK [http://localhost/articles/1]
  [4;36;1mSQL (0.0ms)[0m   [0;1mSET NAMES 'utf8'[0m
  [4;35;1mSQL (0.0ms)[0m   [0mSET SQL_AUTO_IS_NULL=0[0m


Processing ArticlesController#index (for 127.0.0.1 at 2010-08-25 11:55:13) [GET]
  [4;36;1mArticle Load (0.0ms)[0m   [0;1mSELECT * FROM `articles` [0m
Rendering template within layouts/articles
Rendering articles/index
  [4;35;1mArticle Columns (0.0ms)[0m   [0mSHOW FIELDS FROM `articles`[0m
Completed in 16ms (View: 0, DB: 0) | 200 OK [http://localhost/articles]
  [4;36;1mSQL (0.0ms)[0m   [0;1mSET NAMES 'utf8'[0m
  [4;35;1mSQL (0.0ms)[0m   [0mSET SQL_AUTO_IS_NULL=0[0m


Processing ArticlesController#edit (for 127.0.0.1 at 2010-08-25 11:56:50) [GET]
  Parameters: {"id"=>"1"}
  [4;36;1mArticle Columns (0.0ms)[0m   [0;1mSHOW FIELDS FROM `articles`[0m
  [4;35;1mArticle Load (0.0ms)[0m   [0mSELECT * FROM `articles` WHERE (`articles`.`id` = 1) [0m
Rendering template within layouts/articles
Rendering articles/edit
Completed in 15ms (View: 15, DB: 0) | 200 OK [http://localhost/articles/1/edit]
  [4;36;1mSQL (0.0ms)[0m   [0;1mSET NAMES 'utf8'[0m
  [4;35;1mSQL (0.0ms)[0m   [0mSET SQL_AUTO_IS_NULL=0[0m
  [4;36;1mSQL (0.0ms)[0m   [0;1mSHOW TABLES[0m
  [4;35;1mSQL (16.0ms)[0m   [0mSELECT version FROM schema_migrations[0m
Migrating to CreateArticles (20100825061535)
Migrating to CreateComments (20100825064925)
  [4;36;1mSQL (63.0ms)[0m   [0;1mCREATE TABLE `comments` (`id` int(11) DEFAULT NULL auto_increment PRIMARY KEY, `comment` text, `article_id` int(11), `created_at` datetime, `updated_at` datetime) ENGINE=InnoDB[0m
  [4;35;1mSQL (15.0ms)[0m   [0mINSERT INTO schema_migrations (version) VALUES ('20100825064925')[0m
  [4;36;1mSQL (0.0ms)[0m   [0;1mSHOW TABLES[0m
  [4;35;1mSQL (0.0ms)[0m   [0mSELECT version FROM schema_migrations[0m
  [4;36;1mSQL (0.0ms)[0m   [0;1mSHOW TABLES[0m
  [4;35;1mSQL (31.0ms)[0m   [0mSHOW FIELDS FROM `articles`[0m
  [4;36;1mSQL (0.0ms)[0m   [0;1mdescribe `articles`[0m
  [4;35;1mSQL (0.0ms)[0m   [0mSHOW KEYS FROM `articles`[0m
  [4;36;1mSQL (0.0ms)[0m   [0;1mSHOW FIELDS FROM `comments`[0m
  [4;35;1mSQL (16.0ms)[0m   [0mdescribe `comments`[0m
  [4;36;1mSQL (0.0ms)[0m   [0;1mSHOW KEYS FROM `comments`[0m
  [4;36;1mSQL (0.0ms)[0m   [0;1mSET NAMES 'utf8'[0m
  [4;35;1mSQL (0.0ms)[0m   [0mSET SQL_AUTO_IS_NULL=0[0m


Processing ArticlesController#index (for 127.0.0.1 at 2010-08-25 12:36:47) [GET]
  [4;36;1mArticle Load (31.0ms)[0m   [0;1mSELECT * FROM `articles` [0m
Rendering template within layouts/articles
Rendering articles/index
  [4;35;1mArticle Columns (0.0ms)[0m   [0mSHOW FIELDS FROM `articles`[0m
Completed in 110ms (View: 16, DB: 31) | 200 OK [http://localhost/articles]
  [4;36;1mSQL (0.0ms)[0m   [0;1mSET NAMES 'utf8'[0m
  [4;35;1mSQL (0.0ms)[0m   [0mSET SQL_AUTO_IS_NULL=0[0m


Processing ArticlesController#show (for 127.0.0.1 at 2010-08-25 12:36:50) [GET]
  Parameters: {"id"=>"1"}
  [4;36;1mArticle Columns (0.0ms)[0m   [0;1mSHOW FIELDS FROM `articles`[0m
  [4;35;1mArticle Load (0.0ms)[0m   [0mSELECT * FROM `articles` WHERE (`articles`.`id` = 1) [0m
Rendering template within layouts/articles
Rendering articles/show
  [4;36;1mComment Columns (16.0ms)[0m   [0;1mSHOW FIELDS FROM `comments`[0m
  [4;35;1mSQL (15.0ms)[0m   [0mSELECT count(*) AS count_all FROM `comments` WHERE (`comments`.article_id = 1) [0m
Completed in 62ms (View: 15, DB: 31) | 200 OK [http://localhost/articles/1]
  [4;36;1mSQL (0.0ms)[0m   [0;1mSET NAMES 'utf8'[0m
  [4;35;1mSQL (0.0ms)[0m   [0mSET SQL_AUTO_IS_NULL=0[0m


Processing CommentsController#new (for 127.0.0.1 at 2010-08-25 12:36:52) [GET]
  Parameters: {"article_id"=>"1"}
  [4;36;1mArticle Columns (16.0ms)[0m   [0;1mSHOW FIELDS FROM `articles`[0m
  [4;35;1mArticle Load (0.0ms)[0m   [0mSELECT * FROM `articles` WHERE (`articles`.`id` = 1) [0m
  [4;36;1mComment Columns (0.0ms)[0m   [0;1mSHOW FIELDS FROM `comments`[0m
Rendering comments/new
Completed in 78ms (View: 62, DB: 16) | 200 OK [http://localhost/articles/1/comments/new]
  [4;35;1mSQL (0.0ms)[0m   [0mSET NAMES 'utf8'[0m
  [4;36;1mSQL (0.0ms)[0m   [0;1mSET SQL_AUTO_IS_NULL=0[0m


Processing ArticlesController#index (for 127.0.0.1 at 2010-08-25 12:42:26) [GET]
  [4;35;1mArticle Load (0.0ms)[0m   [0mSELECT * FROM `articles` [0m
Rendering template within layouts/articles
Rendering articles/index
  [4;36;1mArticle Columns (0.0ms)[0m   [0;1mSHOW FIELDS FROM `articles`[0m
Completed in 15ms (View: 0, DB: 0) | 200 OK [http://localhost/articles]
  [4;35;1mSQL (0.0ms)[0m   [0mSET NAMES 'utf8'[0m
  [4;36;1mSQL (0.0ms)[0m   [0;1mSET SQL_AUTO_IS_NULL=0[0m


Processing ArticlesController#show (for 127.0.0.1 at 2010-08-25 12:42:28) [GET]
  Parameters: {"id"=>"1"}
  [4;35;1mArticle Columns (0.0ms)[0m   [0mSHOW FIELDS FROM `articles`[0m
  [4;36;1mArticle Load (0.0ms)[0m   [0;1mSELECT * FROM `articles` WHERE (`articles`.`id` = 1) [0m
Rendering template within layouts/articles
Rendering articles/show
  [4;35;1mComment Columns (0.0ms)[0m   [0mSHOW FIELDS FROM `comments`[0m
  [4;36;1mSQL (0.0ms)[0m   [0;1mSELECT count(*) AS count_all FROM `comments` WHERE (`comments`.article_id = 1) [0m
Completed in 15ms (View: 15, DB: 0) | 200 OK [http://localhost/articles/1]
  [4;35;1mSQL (0.0ms)[0m   [0mSET NAMES 'utf8'[0m
  [4;36;1mSQL (0.0ms)[0m   [0;1mSET SQL_AUTO_IS_NULL=0[0m


Processing CommentsController#new (for 127.0.0.1 at 2010-08-25 12:42:29) [GET]
  Parameters: {"article_id"=>"1"}
  [4;35;1mArticle Columns (0.0ms)[0m   [0mSHOW FIELDS FROM `articles`[0m
  [4;36;1mArticle Load (0.0ms)[0m   [0;1mSELECT * FROM `articles` WHERE (`articles`.`id` = 1) [0m
  [4;35;1mComment Columns (0.0ms)[0m   [0mSHOW FIELDS FROM `comments`[0m
Rendering comments/new
Completed in 16ms (View: 0, DB: 0) | 200 OK [http://localhost/articles/1/comments/new]
  [4;36;1mSQL (0.0ms)[0m   [0;1mSET NAMES 'utf8'[0m
  [4;35;1mSQL (0.0ms)[0m   [0mSET SQL_AUTO_IS_NULL=0[0m


Processing ApplicationController#index (for 127.0.0.1 at 2010-08-25 14:23:22) [POST]
  Parameters: {"authenticity_token"=>"D2GOtGX50sv3kF3Xb2crZwrqNndsW1c/WYKsImQZl5M=", "id"=>"6_tree_div", "parent_id"=>"2"}

ActionController::RoutingError (No route matches "/items/sort_ajax_tree" with {:method=>:post}):
  

Rendering rescues/layout (not_found)
  [4;36;1mSQL (0.0ms)[0m   [0;1mSET NAMES 'utf8'[0m
  [4;35;1mSQL (0.0ms)[0m   [0mSET SQL_AUTO_IS_NULL=0[0m


Processing ApplicationController#index (for 127.0.0.1 at 2010-08-25 14:23:23) [POST]
  Parameters: {"authenticity_token"=>"D2GOtGX50sv3kF3Xb2crZwrqNndsW1c/WYKsImQZl5M=", "id"=>"6_tree_div", "parent_id"=>"3"}

ActionController::RoutingError (No route matches "/items/sort_ajax_tree" with {:method=>:post}):
  

Rendering rescues/layout (not_found)
  [4;36;1mSQL (0.0ms)[0m   [0;1mSET NAMES 'utf8'[0m
  [4;35;1mSQL (0.0ms)[0m   [0mSET SQL_AUTO_IS_NULL=0[0m


Processing ApplicationController#index (for 127.0.0.1 at 2010-08-25 14:23:26) [POST]
  Parameters: {"authenticity_token"=>"D2GOtGX50sv3kF3Xb2crZwrqNndsW1c/WYKsImQZl5M=", "id"=>"7_tree_div", "parent_id"=>"5"}

ActionController::RoutingError (No route matches "/items/sort_ajax_tree" with {:method=>:post}):
  

Rendering rescues/layout (not_found)
  [4;36;1mSQL (0.0ms)[0m   [0;1mSET NAMES 'utf8'[0m
  [4;35;1mSQL (0.0ms)[0m   [0mSET SQL_AUTO_IS_NULL=0[0m


Processing ApplicationController#index (for 127.0.0.1 at 2010-08-25 14:23:27) [POST]
  Parameters: {"authenticity_token"=>"D2GOtGX50sv3kF3Xb2crZwrqNndsW1c/WYKsImQZl5M=", "id"=>"9_tree_div", "parent_id"=>"7"}

ActionController::RoutingError (No route matches "/items/sort_ajax_tree" with {:method=>:post}):
  

Rendering rescues/layout (not_found)
  [4;36;1mSQL (0.0ms)[0m   [0;1mSET NAMES 'utf8'[0m
  [4;35;1mSQL (0.0ms)[0m   [0mSET SQL_AUTO_IS_NULL=0[0m


Processing ArticlesController#index (for 127.0.0.1 at 2010-09-08 10:42:20) [GET]
  [4;36;1mArticle Load (31.0ms)[0m   [0;1mSELECT * FROM `articles` [0m
Rendering template within layouts/articles
Rendering articles/index
  [4;35;1mArticle Columns (0.0ms)[0m   [0mSHOW FIELDS FROM `articles`[0m
Completed in 1484ms (View: 1390, DB: 31) | 200 OK [http://localhost/articles]
  [4;36;1mSQL (0.0ms)[0m   [0;1mSET NAMES 'utf8'[0m
  [4;35;1mSQL (0.0ms)[0m   [0mSET SQL_AUTO_IS_NULL=0[0m


Processing ArticlesController#index (for 127.0.0.1 at 2010-09-08 11:20:39) [GET]
  [4;36;1mArticle Load (31.0ms)[0m   [0;1mSELECT * FROM `articles` [0m
Rendering template within layouts/articles
Rendering articles/index
  [4;35;1mArticle Columns (0.0ms)[0m   [0mSHOW FIELDS FROM `articles`[0m
Completed in 1515ms (View: 1390, DB: 31) | 200 OK [http://localhost/]
